# ai generated event logs to test the program with with malicious and benign data 

[
        {
        "event_id": 4624,
        "timestamp": "2026-07 10:00:00",
        "user": "anneanymous",
        "action": "login",
        "computer_name": "dellOptiPlex_980DT",
        "registry_path": "HKEY_LOCAL_MACHINE",
        "image_path":"C:\\Windows\\System32\\cmd.exe",
        "source" :"security",
        "level":"information"
        },
        {
        "event_id":4625,
        "timestamp": "2026-07-09 10:05:00",
        "user": "johndough",
        "action": "failed_login", 
        "computer_name": "dellOptiPlex_980DT",
        "registry_path": "HKEY_LOCAL_MACHINE",
        "image_path" : "C:\\Widnows\\System32\\cmd.exe",
        "source" :"secuirty",
        "level":"information"
        }, 
        {
        "event_id":4688,
        "timestamp":"2026-07-09 10:10:02",
        "user":"anneanymous",
        "action":"process_created",
        "computer_name":"DellOptiPlex_980DT",
        "registry_path":"",
        "image_path":"C:\\Windows\\System32\\cmd.exe",
        "source":"Security",
        "level":"Information"
        },
        {
        "event_id":4688,
        "timestamp":"2026-07-09 10:10:15",
        "user":"anneanymous",
        "action":"powershell_execution",
        "computer_name":"DellOptiPlex_980DT",
        "registry_path":"",
        "image_path":"C:\\Windows\\System32\\WindowsPowerShell\\v1.0\\powershell.exe",
        "source":"Security",
        "level":"Information"
        },
        {
        "event_id":4688,
        "timestamp":"2026-07-09 10:11:22",
        "user":"SYSTEM",
        "action":"service_started",
        "computer_name":"DellOptiPlex_980DT",
        "registry_path":"",
        "image_path":"C:\\Windows\\System32\\svchost.exe",
        "source":"System",
        "level":"Information"
        },
        {
        "event_id":4657,
        "timestamp":"2026-07-09 10:13:40",
        "user":"SYSTEM",
        "action":"registry_modified",
        "computer_name":"DellOptiPlex_980DT",
        "registry_path":"HKLM\\Software\\Microsoft\\Windows\\CurrentVersion\\Run",
        "image_path":"C:\\Windows\\regedit.exe",
        "source":"Security",
        "level":"Warning"
        },
        {
        "event_id":4698,
        "timestamp":"2026-07-09 10:14:08",
        "user":"administrator",
        "action":"scheduled_task_created",
        "computer_name":"DellOptiPlex_980DT",
        "registry_path":"",
        "image_path":"C:\\Windows\\System32\\schtasks.exe",
        "source":"Security",
        "level":"Information"
        },
        {
        "event_id":4720,
        "timestamp":"2026-07-09 10:16:44",
        "user":"administrator",
        "action":"user_account_created",
        "computer_name":"DellOptiPlex_980DT",
        "registry_path":"",
        "image_path":"C:\\Windows\\System32\\net.exe",
        "source":"Security",
        "level":"Information"
        },
        {
        "event_id":7045,
        "timestamp":"2026-07-09 10:18:11",
        "user":"SYSTEM",
        "action":"service_installed",
        "computer_name":"DellOptiPlex_980DT",
        "registry_path":"",
        "image_path":"C:\\Windows\\System32\\sc.exe",
        "source":"System",
        "level":"Information"
        },
        {
        "event_id":5156,
        "timestamp":"2026-07-09 10:19:00",
        "user":"SYSTEM",
        "action":"network_connection_allowed",
        "computer_name":"DellOptiPlex_980DT",
        "registry_path":"",
        "image_path":"C:\\Program Files\\Google\\Chrome\\Application\\chrome.exe",
        "source":"Security",
        "level":"Information"
        },
        {
        "event_id":1116,
        "timestamp":"2026-07-09 10:21:12",
        "user":"SYSTEM",
        "action":"malware_detected",
        "computer_name":"DellOptiPlex_980DT",
        "registry_path":"",
        "image_path":"C:\\Users\\Public\\Downloads\\invoice.exe",
        "source":"Microsoft-Windows-Windows Defender",
        "level":"Critical"
        },
        {
        "event_id":4688,
        "timestamp":"2026-07-09 10:22:05",
        "user":"johndough",
        "action":"mimikatz_execution",
        "computer_name":"DellOptiPlex_980DT",
        "registry_path":"",
        "image_path":"C:\\Users\\Public\\mimikatz.exe",
        "source":"Security",
        "level":"Critical"
        },
        {
        "event_id":4688,
        "timestamp":"2026-07-09 10:23:18",
        "user":"johndough",
        "action":"encoded_powershell",
        "computer_name":"DellOptiPlex_980DT",
        "registry_path":"",
        "image_path":"C:\\Windows\\System32\\WindowsPowerShell\\v1.0\\powershell.exe",
        "source":"Security",
        "level":"Critical"
        },
        {
        "event_id":4672,
        "timestamp":"2026-07-09 10:24:55",
        "user":"administrator",
        "action":"special_privileges_assigned",
        "computer_name":"DellOptiPlex_980DT",
        "registry_path":"",
        "image_path":"C:\\Windows\\System32\\winlogon.exe",
        "source":"Security",
        "level":"Information"
        },
        {
        "event_id":4728,
        "timestamp":"2026-07-09 10:26:30",
        "user":"administrator",
        "action":"added_to_administrators_group",
        "computer_name":"DellOptiPlex_980DT",
        "registry_path":"",
        "image_path":"C:\\Windows\\System32\\net.exe",
        "source":"Security",
        "level":"Warning"
        },
        {
        "event_id":4688,
        "timestamp":"2026-07-09 10:28:40",
        "user":"SYSTEM",
        "action":"lsass_dump_attempt",
        "computer_name":"DellOptiPlex_980DT",
        "registry_path":"",
        "image_path":"C:\\Tools\\procdump.exe",
        "source":"Security",
        "level":"Critical"
        },
        {
        "event_id":5157,
        "timestamp":"2026-07-09 10:30:05",
        "user":"SYSTEM",
        "action":"firewall_blocked_connection",
        "computer_name":"DellOptiPlex_980DT",
        "registry_path":"",
        "image_path":"C:\\Program Files\\Mozilla Firefox\\firefox.exe",
        "source":"Security",
        "level":"Warning"
        },
        {
        "event_id":4688,
        "timestamp":"2026-07-09 10:32:18",
        "user":"anneanymous",
        "action":"notepad_opened",
        "computer_name":"DellOptiPlex_980DT",
        "registry_path":"",
        "image_path":"C:\\Windows\\System32\\notepad.exe",
        "source":"Security",
        "level":"Information"
        },
        {
        "event_id":4688,
        "timestamp":"2026-07-09 10:33:50",
        "user":"anneanymous",
        "action":"calculator_opened",
        "computer_name":"DellOptiPlex_980DT",
        "registry_path":"",
        "image_path":"C:\\Windows\\System32\\calc.exe",
        "source":"Security",
        "level":"Information"
        },
        {
        "event_id":6416,
        "timestamp":"2026-07-09 10:35:12",
        "user":"SYSTEM",
        "action":"usb_device_inserted",
        "computer_name":"DellOptiPlex_980DT",
        "registry_path":"",
        "image_path":"C:\\Windows\\System32\\usbhub.sys",
        "source":"Security",
        "level":"Information"
        },
        {
        "event_id":1102,
        "timestamp":"2026-07-09 10:37:42",
        "user":"administrator",
        "action":"security_logs_cleared",
        "computer_name":"DellOptiPlex_980DT",
        "registry_path":"",
        "image_path":"C:\\Windows\\System32\\wevtutil.exe",
        "source":"Security",
        "level":"Critical"
        },
        {
        "event_id":4688,
        "timestamp":"2026-07-09 10:39:55",
        "user":"SYSTEM",
        "action":"ransomware_execution",
        "computer_name":"DellOptiPlex_980DT",
        "registry_path":"",
        "image_path":"C:\\Users\\Public\\encryptor.exe",
        "source":"Security",
        "level":"Critical"
        },
        {
        "event_id":4624,
        "timestamp":"2026-07-09 10:41:22",
        "user":"administrator",
        "action":"rdp_login",
        "computer_name":"DellOptiPlex_980DT",
        "registry_path":"",
        "image_path":"C:\\Windows\\System32\\mstsc.exe",
        "source":"Security",
        "level":"Information"
        },
        {
        "event_id":4625,
        "timestamp":"2026-07-09 10:42:08",
        "user":"guest",
        "action":"failed_rdp_login",
        "computer_name":"DellOptiPlex_980DT",
        "registry_path":"",
        "image_path":"C:\\Windows\\System32\\winlogon.exe",
        "source":"Security",
        "level":"Warning"
        },
        {
        "event_id":4688,
        "timestamp":"2026-07-09 10:44:17",
        "user":"anneanymous",
        "action":"visual_studio_opened",
        "computer_name":"DellOptiPlex_980DT",
        "registry_path":"",
        "image_path":"C:\\Program Files\\Microsoft Visual Studio\\Common7\\IDE\\devenv.exe",
        "source":"Security",
        "level":"Information"
        },
        {
        "event_id":4688,
        "timestamp":"2026-07-09 10:46:11",
        "user":"anneanymous",
        "action":"git_commit",
        "computer_name":"DellOptiPlex_980DT",
        "registry_path":"",
        "image_path":"C:\\Program Files\\Git\\bin\\git.exe",
        "source":"Application",
        "level":"Information"
        },
        {
        "event_id":4688,
        "timestamp":"2026-07-09 10:47:30",
        "user":"SYSTEM",
        "action":"credential_dumping",
        "computer_name":"DellOptiPlex_980DT",
        "registry_path":"",
        "image_path":"C:\\Temp\\dumplsass.exe",
        "source":"Security",
        "level":"Critical"}
    ]
